{"/Users/john/codefellows/javascript-401/curriculum/03-async/lab/lib/reader-callbacks.js": {"path":"/Users/john/codefellows/javascript-401/curriculum/03-async/lab/lib/reader-callbacks.js","statementMap":{"0":{"start":{"line":3,"column":11},"end":{"line":3,"column":24}},"1":{"start":{"line":4,"column":15},"end":{"line":4,"column":17}},"2":{"start":{"line":9,"column":0},"end":{"line":12,"column":2}},"3":{"start":{"line":10,"column":2},"end":{"line":10,"column":31}},"4":{"start":{"line":11,"column":2},"end":{"line":11,"column":16}},"5":{"start":{"line":19,"column":16},"end":{"line":24,"column":1}},"6":{"start":{"line":20,"column":2},"end":{"line":23,"column":5}},"7":{"start":{"line":21,"column":4},"end":{"line":22,"column":39}},"8":{"start":{"line":21,"column":14},"end":{"line":21,"column":28}},"9":{"start":{"line":22,"column":11},"end":{"line":22,"column":37}},"10":{"start":{"line":31,"column":16},"end":{"line":59,"column":1}},"11":{"start":{"line":33,"column":17},"end":{"line":33,"column":19}},"12":{"start":{"line":34,"column":2},"end":{"line":58,"column":5}},"13":{"start":{"line":35,"column":4},"end":{"line":57,"column":5}},"14":{"start":{"line":36,"column":6},"end":{"line":36,"column":20}},"15":{"start":{"line":39,"column":6},"end":{"line":39,"column":44}},"16":{"start":{"line":40,"column":6},"end":{"line":56,"column":9}},"17":{"start":{"line":41,"column":8},"end":{"line":55,"column":9}},"18":{"start":{"line":42,"column":10},"end":{"line":42,"column":24}},"19":{"start":{"line":45,"column":10},"end":{"line":45,"column":48}},"20":{"start":{"line":46,"column":10},"end":{"line":54,"column":13}},"21":{"start":{"line":47,"column":12},"end":{"line":53,"column":13}},"22":{"start":{"line":48,"column":14},"end":{"line":48,"column":28}},"23":{"start":{"line":51,"column":14},"end":{"line":51,"column":52}},"24":{"start":{"line":52,"column":14},"end":{"line":52,"column":38}}},"fnMap":{"0":{"name":"(anonymous_0)","decl":{"start":{"line":9,"column":27},"end":{"line":9,"column":28}},"loc":{"start":{"line":9,"column":48},"end":{"line":12,"column":1}},"line":9},"1":{"name":"(anonymous_1)","decl":{"start":{"line":19,"column":16},"end":{"line":19,"column":17}},"loc":{"start":{"line":19,"column":36},"end":{"line":24,"column":1}},"line":19},"2":{"name":"(anonymous_2)","decl":{"start":{"line":20,"column":21},"end":{"line":20,"column":22}},"loc":{"start":{"line":20,"column":36},"end":{"line":23,"column":3}},"line":20},"3":{"name":"(anonymous_3)","decl":{"start":{"line":31,"column":16},"end":{"line":31,"column":17}},"loc":{"start":{"line":31,"column":37},"end":{"line":59,"column":1}},"line":31},"4":{"name":"(anonymous_4)","decl":{"start":{"line":34,"column":20},"end":{"line":34,"column":21}},"loc":{"start":{"line":34,"column":35},"end":{"line":58,"column":3}},"line":34},"5":{"name":"(anonymous_5)","decl":{"start":{"line":40,"column":24},"end":{"line":40,"column":25}},"loc":{"start":{"line":40,"column":39},"end":{"line":56,"column":7}},"line":40},"6":{"name":"(anonymous_6)","decl":{"start":{"line":46,"column":28},"end":{"line":46,"column":29}},"loc":{"start":{"line":46,"column":43},"end":{"line":54,"column":11}},"line":46}},"branchMap":{"0":{"loc":{"start":{"line":21,"column":4},"end":{"line":22,"column":39}},"type":"if","locations":[{"start":{"line":21,"column":4},"end":{"line":22,"column":39}},{"start":{"line":21,"column":4},"end":{"line":22,"column":39}}],"line":21},"1":{"loc":{"start":{"line":35,"column":4},"end":{"line":57,"column":5}},"type":"if","locations":[{"start":{"line":35,"column":4},"end":{"line":57,"column":5}},{"start":{"line":35,"column":4},"end":{"line":57,"column":5}}],"line":35},"2":{"loc":{"start":{"line":41,"column":8},"end":{"line":55,"column":9}},"type":"if","locations":[{"start":{"line":41,"column":8},"end":{"line":55,"column":9}},{"start":{"line":41,"column":8},"end":{"line":55,"column":9}}],"line":41},"3":{"loc":{"start":{"line":47,"column":12},"end":{"line":53,"column":13}},"type":"if","locations":[{"start":{"line":47,"column":12},"end":{"line":53,"column":13}},{"start":{"line":47,"column":12},"end":{"line":53,"column":13}}],"line":47}},"s":{"0":1,"1":1,"2":1,"3":2,"4":2,"5":1,"6":4,"7":4,"8":1,"9":3,"10":1,"11":2,"12":2,"13":2,"14":1,"15":1,"16":1,"17":1,"18":0,"19":1,"20":1,"21":1,"22":0,"23":1,"24":1},"f":{"0":2,"1":4,"2":4,"3":2,"4":2,"5":1,"6":1},"b":{"0":[1,3],"1":[1,1],"2":[0,1],"3":[0,1]},"_coverageSchema":"332fd63041d2c1bcb487cc26dd0d5f7d97098a6c","hash":"c88f09ac2fb620852467928fbea719f9e85dc413"}
}
