TN:
SF:/Users/jamesdenton/codefellows/401/lab-03/lib/reader.js
FN:9,(anonymous_0)
FN:19,(anonymous_1)
FN:20,(anonymous_2)
FN:31,(anonymous_3)
FN:34,(anonymous_4)
FN:44,(anonymous_5)
FN:54,(anonymous_6)
FNF:7
FNH:7
FNDA:2,(anonymous_0)
FNDA:5,(anonymous_1)
FNDA:4,(anonymous_2)
FNDA:2,(anonymous_3)
FNDA:2,(anonymous_4)
FNDA:1,(anonymous_5)
FNDA:1,(anonymous_6)
DA:3,1
DA:4,1
DA:9,1
DA:10,2
DA:11,0
DA:19,1
DA:20,5
DA:21,4
DA:22,3
DA:31,1
DA:33,2
DA:34,2
DA:35,2
DA:36,1
DA:39,1
DA:40,1
DA:44,2
DA:45,1
DA:46,0
DA:49,1
DA:50,1
DA:54,1
DA:55,1
DA:56,0
DA:59,1
DA:60,1
DA:64,1
LF:27
LH:24
BRDA:21,0,0,1
BRDA:21,0,1,3
BRDA:35,1,0,1
BRDA:35,1,1,1
BRDA:45,2,0,0
BRDA:45,2,1,1
BRDA:55,3,0,0
BRDA:55,3,1,1
BRF:8
BRH:6
end_of_record
